connect.multipart() will be removed in connect 3.0
visit https://github.com/senchalabs/connect/wiki/Connect-3.0 for alternatives
connect.limit() will be removed in connect 3.0
connect.multipart() will be removed in connect 3.0
visit https://github.com/senchalabs/connect/wiki/Connect-3.0 for alternatives
connect.limit() will be removed in connect 3.0
ReferenceError: d1 is not defined
    at app.post.post (/home/ec2-user/StudentOrgManager/node/app.js:355:46)
    at callbacks (/home/ec2-user/StudentOrgManager/node/node_modules/express/lib/router/index.js:164:37)
    at param (/home/ec2-user/StudentOrgManager/node/node_modules/express/lib/router/index.js:138:11)
    at pass (/home/ec2-user/StudentOrgManager/node/node_modules/express/lib/router/index.js:145:5)
    at Router._dispatch (/home/ec2-user/StudentOrgManager/node/node_modules/express/lib/router/index.js:173:5)
    at Object.router (/home/ec2-user/StudentOrgManager/node/node_modules/express/lib/router/index.js:33:10)
    at next (/home/ec2-user/StudentOrgManager/node/node_modules/express/node_modules/connect/lib/proto.js:193:15)
    at multipart (/home/ec2-user/StudentOrgManager/node/node_modules/express/node_modules/connect/lib/middleware/multipart.js:93:27)
    at /home/ec2-user/StudentOrgManager/node/node_modules/express/node_modules/connect/lib/middleware/bodyParser.js:64:9
    at /home/ec2-user/StudentOrgManager/node/node_modules/express/node_modules/connect/lib/middleware/urlencoded.js:74:7
ReferenceError: d1 is not defined
    at app.post.post (/home/ec2-user/StudentOrgManager/node/app.js:355:46)
    at callbacks (/home/ec2-user/StudentOrgManager/node/node_modules/express/lib/router/index.js:164:37)
    at param (/home/ec2-user/StudentOrgManager/node/node_modules/express/lib/router/index.js:138:11)
    at pass (/home/ec2-user/StudentOrgManager/node/node_modules/express/lib/router/index.js:145:5)
    at Router._dispatch (/home/ec2-user/StudentOrgManager/node/node_modules/express/lib/router/index.js:173:5)
    at Object.router (/home/ec2-user/StudentOrgManager/node/node_modules/express/lib/router/index.js:33:10)
    at next (/home/ec2-user/StudentOrgManager/node/node_modules/express/node_modules/connect/lib/proto.js:193:15)
    at multipart (/home/ec2-user/StudentOrgManager/node/node_modules/express/node_modules/connect/lib/middleware/multipart.js:93:27)
    at /home/ec2-user/StudentOrgManager/node/node_modules/express/node_modules/connect/lib/middleware/bodyParser.js:64:9
    at /home/ec2-user/StudentOrgManager/node/node_modules/express/node_modules/connect/lib/middleware/urlencoded.js:74:7
ReferenceError: d1 is not defined
    at app.post.post (/home/ec2-user/StudentOrgManager/node/app.js:355:46)
    at callbacks (/home/ec2-user/StudentOrgManager/node/node_modules/express/lib/router/index.js:164:37)
    at param (/home/ec2-user/StudentOrgManager/node/node_modules/express/lib/router/index.js:138:11)
    at pass (/home/ec2-user/StudentOrgManager/node/node_modules/express/lib/router/index.js:145:5)
    at Router._dispatch (/home/ec2-user/StudentOrgManager/node/node_modules/express/lib/router/index.js:173:5)
    at Object.router (/home/ec2-user/StudentOrgManager/node/node_modules/express/lib/router/index.js:33:10)
    at next (/home/ec2-user/StudentOrgManager/node/node_modules/express/node_modules/connect/lib/proto.js:193:15)
    at multipart (/home/ec2-user/StudentOrgManager/node/node_modules/express/node_modules/connect/lib/middleware/multipart.js:93:27)
    at /home/ec2-user/StudentOrgManager/node/node_modules/express/node_modules/connect/lib/middleware/bodyParser.js:64:9
    at /home/ec2-user/StudentOrgManager/node/node_modules/express/node_modules/connect/lib/middleware/urlencoded.js:74:7
ReferenceError: d1 is not defined
    at app.post.post (/home/ec2-user/StudentOrgManager/node/app.js:355:46)
    at callbacks (/home/ec2-user/StudentOrgManager/node/node_modules/express/lib/router/index.js:164:37)
    at param (/home/ec2-user/StudentOrgManager/node/node_modules/express/lib/router/index.js:138:11)
    at pass (/home/ec2-user/StudentOrgManager/node/node_modules/express/lib/router/index.js:145:5)
    at Router._dispatch (/home/ec2-user/StudentOrgManager/node/node_modules/express/lib/router/index.js:173:5)
    at Object.router (/home/ec2-user/StudentOrgManager/node/node_modules/express/lib/router/index.js:33:10)
    at next (/home/ec2-user/StudentOrgManager/node/node_modules/express/node_modules/connect/lib/proto.js:193:15)
    at multipart (/home/ec2-user/StudentOrgManager/node/node_modules/express/node_modules/connect/lib/middleware/multipart.js:93:27)
    at /home/ec2-user/StudentOrgManager/node/node_modules/express/node_modules/connect/lib/middleware/bodyParser.js:64:9
    at /home/ec2-user/StudentOrgManager/node/node_modules/express/node_modules/connect/lib/middleware/urlencoded.js:74:7
connect.multipart() will be removed in connect 3.0
visit https://github.com/senchalabs/connect/wiki/Connect-3.0 for alternatives
connect.limit() will be removed in connect 3.0
